<?xml version="1.0" encoding="UTF-8"?>
<testng-results ignored="0" total="1" passed="1" failed="0" skipped="0">
  <reporter-output>
  </reporter-output>
  <suite started-at="2023-10-19T14:02:14 IST" name="Automation tests" finished-at="2023-10-19T14:02:27 IST" duration-ms="12977">
    <groups>
    </groups>
    <test started-at="2023-10-19T14:02:14 IST" name="ChromeTests" finished-at="2023-10-19T14:02:27 IST" duration-ms="12977">
      <class name="testCases.TC__012__ProductQuantityInCart">
        <test-method is-config="true" signature="SetUp()[pri:0, instance:testCases.TC__012__ProductQuantityInCart@71ba6d4e]" started-at="2023-10-19T14:02:15 IST" name="SetUp" finished-at="2023-10-19T14:02:20 IST" duration-ms="5704" status="PASS">
          <reporter-output>
          </reporter-output>
        </test-method> <!-- SetUp -->
        <test-method signature="Test___ProductQuantity()[pri:0, instance:testCases.TC__012__ProductQuantityInCart@71ba6d4e]" started-at="2023-10-19T14:02:20 IST" name="Test___ProductQuantity" finished-at="2023-10-19T14:02:27 IST" duration-ms="6413" status="PASS">
          <reporter-output>
          </reporter-output>
        </test-method> <!-- Test___ProductQuantity -->
        <test-method is-config="true" signature="TearDown()[pri:0, instance:testCases.TC__012__ProductQuantityInCart@71ba6d4e]" started-at="2023-10-19T14:02:27 IST" name="TearDown" finished-at="2023-10-19T14:02:27 IST" duration-ms="535" status="PASS">
          <reporter-output>
          </reporter-output>
        </test-method> <!-- TearDown -->
      </class> <!-- testCases.TC__012__ProductQuantityInCart -->
    </test> <!-- ChromeTests -->
  </suite> <!-- Automation tests -->
</testng-results>
